{"C:\\Users\\sofiu\\VA_Control\\backend\\db.js": {"path":"C:\\Users\\sofiu\\VA_Control\\backend\\db.js","statementMap":{"0":{"start":{"line":1,"column":17},"end":{"line":1,"column":30}},"1":{"start":{"line":2,"column":0},"end":{"line":2,"column":27}},"2":{"start":{"line":4,"column":13},"end":{"line":10,"column":2}},"3":{"start":{"line":12,"column":0},"end":{"line":12,"column":22}}},"fnMap":{},"branchMap":{},"s":{"0":1,"1":1,"2":1,"3":1},"f":{},"b":{},"_coverageSchema":"1a1c01bbd47fc00a2c39e90264f33305004495a9","hash":"d2895cc1709d551334eebf073b0f24685bdf95e6"}
,"C:\\Users\\sofiu\\VA_Control\\backend\\routes\\ordenes.js": {"path":"C:\\Users\\sofiu\\VA_Control\\backend\\routes\\ordenes.js","statementMap":{"0":{"start":{"line":1,"column":16},"end":{"line":1,"column":34}},"1":{"start":{"line":2,"column":15},"end":{"line":2,"column":31}},"2":{"start":{"line":3,"column":13},"end":{"line":3,"column":29}},"3":{"start":{"line":5,"column":0},"end":{"line":12,"column":3}},"4":{"start":{"line":6,"column":4},"end":{"line":11,"column":5}},"5":{"start":{"line":7,"column":23},"end":{"line":7,"column":73}},"6":{"start":{"line":8,"column":8},"end":{"line":8,"column":30}},"7":{"start":{"line":10,"column":8},"end":{"line":10,"column":55}},"8":{"start":{"line":14,"column":0},"end":{"line":23,"column":3}},"9":{"start":{"line":15,"column":4},"end":{"line":22,"column":5}},"10":{"start":{"line":16,"column":23},"end":{"line":16,"column":33}},"11":{"start":{"line":17,"column":23},"end":{"line":17,"column":93}},"12":{"start":{"line":18,"column":8},"end":{"line":18,"column":100}},"13":{"start":{"line":18,"column":38},"end":{"line":18,"column":100}},"14":{"start":{"line":19,"column":8},"end":{"line":19,"column":33}},"15":{"start":{"line":21,"column":8},"end":{"line":21,"column":55}},"16":{"start":{"line":25,"column":0},"end":{"line":36,"column":3}},"17":{"start":{"line":26,"column":4},"end":{"line":35,"column":5}},"18":{"start":{"line":27,"column":95},"end":{"line":27,"column":103}},"19":{"start":{"line":28,"column":23},"end":{"line":31,"column":9}},"20":{"start":{"line":32,"column":8},"end":{"line":32,"column":45}},"21":{"start":{"line":34,"column":8},"end":{"line":34,"column":55}},"22":{"start":{"line":38,"column":0},"end":{"line":51,"column":3}},"23":{"start":{"line":39,"column":4},"end":{"line":50,"column":5}},"24":{"start":{"line":40,"column":23},"end":{"line":40,"column":33}},"25":{"start":{"line":41,"column":95},"end":{"line":41,"column":103}},"26":{"start":{"line":42,"column":23},"end":{"line":45,"column":9}},"27":{"start":{"line":46,"column":8},"end":{"line":46,"column":100}},"28":{"start":{"line":46,"column":38},"end":{"line":46,"column":100}},"29":{"start":{"line":47,"column":8},"end":{"line":47,"column":33}},"30":{"start":{"line":49,"column":8},"end":{"line":49,"column":55}},"31":{"start":{"line":53,"column":0},"end":{"line":62,"column":3}},"32":{"start":{"line":54,"column":4},"end":{"line":61,"column":5}},"33":{"start":{"line":55,"column":23},"end":{"line":55,"column":33}},"34":{"start":{"line":56,"column":23},"end":{"line":56,"column":101}},"35":{"start":{"line":57,"column":8},"end":{"line":57,"column":100}},"36":{"start":{"line":57,"column":38},"end":{"line":57,"column":100}},"37":{"start":{"line":58,"column":8},"end":{"line":58,"column":63}},"38":{"start":{"line":60,"column":8},"end":{"line":60,"column":55}},"39":{"start":{"line":64,"column":0},"end":{"line":64,"column":24}}},"fnMap":{"0":{"name":"(anonymous_0)","decl":{"start":{"line":5,"column":16},"end":{"line":5,"column":17}},"loc":{"start":{"line":5,"column":36},"end":{"line":12,"column":1}},"line":5},"1":{"name":"(anonymous_1)","decl":{"start":{"line":14,"column":19},"end":{"line":14,"column":20}},"loc":{"start":{"line":14,"column":39},"end":{"line":23,"column":1}},"line":14},"2":{"name":"(anonymous_2)","decl":{"start":{"line":25,"column":17},"end":{"line":25,"column":18}},"loc":{"start":{"line":25,"column":37},"end":{"line":36,"column":1}},"line":25},"3":{"name":"(anonymous_3)","decl":{"start":{"line":38,"column":19},"end":{"line":38,"column":20}},"loc":{"start":{"line":38,"column":39},"end":{"line":51,"column":1}},"line":38},"4":{"name":"(anonymous_4)","decl":{"start":{"line":53,"column":22},"end":{"line":53,"column":23}},"loc":{"start":{"line":53,"column":42},"end":{"line":62,"column":1}},"line":53}},"branchMap":{"0":{"loc":{"start":{"line":18,"column":8},"end":{"line":18,"column":100}},"type":"if","locations":[{"start":{"line":18,"column":8},"end":{"line":18,"column":100}},{"start":{},"end":{}}],"line":18},"1":{"loc":{"start":{"line":46,"column":8},"end":{"line":46,"column":100}},"type":"if","locations":[{"start":{"line":46,"column":8},"end":{"line":46,"column":100}},{"start":{},"end":{}}],"line":46},"2":{"loc":{"start":{"line":57,"column":8},"end":{"line":57,"column":100}},"type":"if","locations":[{"start":{"line":57,"column":8},"end":{"line":57,"column":100}},{"start":{},"end":{}}],"line":57}},"s":{"0":1,"1":1,"2":1,"3":1,"4":1,"5":1,"6":1,"7":0,"8":1,"9":1,"10":1,"11":1,"12":1,"13":0,"14":1,"15":0,"16":1,"17":1,"18":1,"19":1,"20":1,"21":0,"22":1,"23":1,"24":1,"25":1,"26":1,"27":1,"28":0,"29":1,"30":0,"31":1,"32":1,"33":1,"34":1,"35":1,"36":0,"37":1,"38":0,"39":1},"f":{"0":1,"1":1,"2":1,"3":1,"4":1},"b":{"0":[0,1],"1":[0,1],"2":[0,1]},"_coverageSchema":"1a1c01bbd47fc00a2c39e90264f33305004495a9","hash":"2c348317350288a881e1e27296e8dd1cba7c076e"}
}
